19:35:40.907 INFO  [main] actions.SystemMethods (SystemMethods.java:23) - Deleted the directory reports
19:35:40.920 INFO  [main] actions.SystemMethods (SystemMethods.java:23) - Deleted the directory allure-results
19:35:41.584 INFO  [main] utils.ExcelReader (ExcelReader.java:68) - Workbook loaded from path: src/test/resources/ExecutionFlow.xlsx
19:35:41.585 INFO  [main] utils.ExcelReader (ExcelReader.java:77) - found  sheet control
19:35:41.592 INFO  [main] utils.ExcelReader (ExcelReader.java:142) - Getting the header column number: 4
19:35:41.593 INFO  [main] utils.ExcelReader (ExcelReader.java:129) - read 'false' from row 1 and column 4
19:35:41.593 INFO  [main] utils.ExcelReader (ExcelReader.java:129) - read 'false' from row 2 and column 4
19:35:41.594 INFO  [main] utils.ExcelReader (ExcelReader.java:129) - read 'false' from row 3 and column 4
19:35:41.595 INFO  [main] utils.ExcelReader (ExcelReader.java:129) - read 'false' from row 4 and column 4
19:35:41.596 INFO  [main] utils.ExcelReader (ExcelReader.java:129) - read 'false' from row 5 and column 4
19:35:41.596 INFO  [main] utils.ExcelReader (ExcelReader.java:129) - read 'false' from row 6 and column 4
19:35:41.597 INFO  [main] utils.ExcelReader (ExcelReader.java:129) - read 'false' from row 7 and column 4
19:35:41.598 INFO  [main] utils.ExcelReader (ExcelReader.java:129) - read 'false' from row 8 and column 4
19:35:41.598 INFO  [main] utils.ExcelReader (ExcelReader.java:129) - read 'false' from row 9 and column 4
19:35:41.599 INFO  [main] utils.ExcelReader (ExcelReader.java:129) - read 'false' from row 10 and column 4
19:35:41.600 INFO  [main] utils.ExcelReader (ExcelReader.java:129) - read 'false' from row 11 and column 4
19:35:41.600 INFO  [main] utils.ExcelReader (ExcelReader.java:129) - read 'false' from row 12 and column 4
19:35:41.601 INFO  [main] utils.ExcelReader (ExcelReader.java:129) - read 'false' from row 13 and column 4
19:35:41.601 INFO  [main] utils.ExcelReader (ExcelReader.java:129) - read 'false' from row 14 and column 4
19:35:41.602 INFO  [main] utils.ExcelReader (ExcelReader.java:129) - read 'false' from row 15 and column 4
19:35:41.602 INFO  [main] utils.ExcelReader (ExcelReader.java:129) - read 'false' from row 16 and column 4
19:35:41.602 INFO  [main] utils.ExcelReader (ExcelReader.java:129) - read 'false' from row 17 and column 4
19:35:41.603 INFO  [main] utils.ExcelReader (ExcelReader.java:129) - read 'false' from row 18 and column 4
19:35:41.603 INFO  [main] utils.ExcelReader (ExcelReader.java:129) - read 'false' from row 19 and column 4
19:35:41.604 INFO  [main] utils.ExcelReader (ExcelReader.java:129) - read 'false' from row 20 and column 4
19:35:41.604 INFO  [main] utils.ExcelReader (ExcelReader.java:129) - read 'false' from row 21 and column 4
19:35:41.605 INFO  [main] utils.ExcelReader (ExcelReader.java:129) - read 'false' from row 22 and column 4
19:35:41.605 INFO  [main] utils.ExcelReader (ExcelReader.java:129) - read 'false' from row 23 and column 4
19:35:41.605 INFO  [main] utils.ExcelReader (ExcelReader.java:129) - read 'false' from row 24 and column 4
19:35:41.606 INFO  [main] utils.ExcelReader (ExcelReader.java:129) - read 'true' from row 25 and column 4
19:35:41.606 INFO  [main] utils.ExcelReader (ExcelReader.java:42) - Increase rows meeting condition by 1
19:35:41.606 INFO  [main] utils.ExcelReader (ExcelReader.java:48) - total number of rows meeting condition is 1
19:35:41.607 INFO  [main] utils.ExcelReader (ExcelReader.java:129) - read 'false' from row 1 and column 4
19:35:41.607 INFO  [main] utils.ExcelReader (ExcelReader.java:129) - read 'false' from row 2 and column 4
19:35:41.607 INFO  [main] utils.ExcelReader (ExcelReader.java:129) - read 'false' from row 3 and column 4
19:35:41.608 INFO  [main] utils.ExcelReader (ExcelReader.java:129) - read 'false' from row 4 and column 4
19:35:41.608 INFO  [main] utils.ExcelReader (ExcelReader.java:129) - read 'false' from row 5 and column 4
19:35:41.608 INFO  [main] utils.ExcelReader (ExcelReader.java:129) - read 'false' from row 6 and column 4
19:35:41.609 INFO  [main] utils.ExcelReader (ExcelReader.java:129) - read 'false' from row 7 and column 4
19:35:41.609 INFO  [main] utils.ExcelReader (ExcelReader.java:129) - read 'false' from row 8 and column 4
19:35:41.609 INFO  [main] utils.ExcelReader (ExcelReader.java:129) - read 'false' from row 9 and column 4
19:35:41.610 INFO  [main] utils.ExcelReader (ExcelReader.java:129) - read 'false' from row 10 and column 4
19:35:41.610 INFO  [main] utils.ExcelReader (ExcelReader.java:129) - read 'false' from row 11 and column 4
19:35:41.610 INFO  [main] utils.ExcelReader (ExcelReader.java:129) - read 'false' from row 12 and column 4
19:35:41.611 INFO  [main] utils.ExcelReader (ExcelReader.java:129) - read 'false' from row 13 and column 4
19:35:41.611 INFO  [main] utils.ExcelReader (ExcelReader.java:129) - read 'false' from row 14 and column 4
19:35:41.611 INFO  [main] utils.ExcelReader (ExcelReader.java:129) - read 'false' from row 15 and column 4
19:35:41.612 INFO  [main] utils.ExcelReader (ExcelReader.java:129) - read 'false' from row 16 and column 4
19:35:41.612 INFO  [main] utils.ExcelReader (ExcelReader.java:129) - read 'false' from row 17 and column 4
19:35:41.613 INFO  [main] utils.ExcelReader (ExcelReader.java:129) - read 'false' from row 18 and column 4
19:35:41.613 INFO  [main] utils.ExcelReader (ExcelReader.java:129) - read 'false' from row 19 and column 4
19:35:41.613 INFO  [main] utils.ExcelReader (ExcelReader.java:129) - read 'false' from row 20 and column 4
19:35:41.613 INFO  [main] utils.ExcelReader (ExcelReader.java:129) - read 'false' from row 21 and column 4
19:35:41.614 INFO  [main] utils.ExcelReader (ExcelReader.java:129) - read 'false' from row 22 and column 4
19:35:41.614 INFO  [main] utils.ExcelReader (ExcelReader.java:129) - read 'false' from row 23 and column 4
19:35:41.614 INFO  [main] utils.ExcelReader (ExcelReader.java:129) - read 'false' from row 24 and column 4
19:35:41.615 INFO  [main] utils.ExcelReader (ExcelReader.java:129) - read 'true' from row 25 and column 4
19:35:41.615 INFO  [main] utils.ExcelReader (ExcelReader.java:129) - read 'ID' from row 0 and column 0
19:35:41.623 INFO  [main] utils.ExcelReader (ExcelReader.java:129) - read '25.0' from row 25 and column 0
19:35:41.624 INFO  [main] utils.ExcelReader (ExcelReader.java:56) - Read data Key: ID --> Value: 25.0
19:35:41.624 INFO  [main] utils.ExcelReader (ExcelReader.java:129) - read 'scenario' from row 0 and column 1
19:35:41.625 INFO  [main] utils.ExcelReader (ExcelReader.java:129) - read 'firsttest' from row 25 and column 1
19:35:41.625 INFO  [main] utils.ExcelReader (ExcelReader.java:56) - Read data Key: scenario --> Value: firsttest
19:35:41.626 INFO  [main] utils.ExcelReader (ExcelReader.java:129) - read 'class name' from row 0 and column 2
19:35:41.626 INFO  [main] utils.ExcelReader (ExcelReader.java:129) - read 'TestLogger' from row 25 and column 2
19:35:41.626 INFO  [main] utils.ExcelReader (ExcelReader.java:56) - Read data Key: class name --> Value: TestLogger
19:35:41.627 INFO  [main] utils.ExcelReader (ExcelReader.java:129) - read 'Method name' from row 0 and column 3
19:35:41.627 INFO  [main] utils.ExcelReader (ExcelReader.java:129) - read 'firsttest' from row 25 and column 3
19:35:41.627 INFO  [main] utils.ExcelReader (ExcelReader.java:56) - Read data Key: Method name --> Value: firsttest
19:35:41.627 INFO  [main] utils.ExcelReader (ExcelReader.java:129) - read 'Run' from row 0 and column 4
19:35:41.628 INFO  [main] utils.ExcelReader (ExcelReader.java:129) - read 'true' from row 25 and column 4
19:35:41.628 INFO  [main] utils.ExcelReader (ExcelReader.java:56) - Read data Key: Run --> Value: true
19:35:41.676 INFO  [main] browsers.Chrome (Chrome.java:25) - Start chrome driver
19:35:41.701 INFO  [main] driver.DriverOptions (DriverOptions.java:20) - Activate Headless mode
19:35:41.702 INFO  [main] driver.DriverOptions (DriverOptions.java:24) - Start maximized
19:35:41.702 INFO  [main] driver.DriverOptions (DriverOptions.java:28) - disable popup blocking
19:35:44.761 INFO  [main] listeners.TestNg (TestNg.java:49) - Start test: alert
14:32:18.116 INFO  [main] browsers.Chrome (Chrome.java:25) - Start chrome driver
14:32:18.179 INFO  [main] driver.DriverOptions (DriverOptions.java:20) - Activate Headless mode
14:32:18.180 INFO  [main] driver.DriverOptions (DriverOptions.java:24) - Start maximized
14:32:18.181 INFO  [main] driver.DriverOptions (DriverOptions.java:28) - disable popup blocking
14:32:29.764 INFO  [main] reporters.Loggers (Loggers.java:19) - Navigated to url: {}https://practice.expandtesting.com/
14:32:29.939 INFO  [main] browsers.Chrome (Chrome.java:25) - Start chrome driver
14:32:29.940 INFO  [main] driver.DriverOptions (DriverOptions.java:20) - Activate Headless mode
14:32:29.941 INFO  [main] driver.DriverOptions (DriverOptions.java:24) - Start maximized
14:32:29.941 INFO  [main] driver.DriverOptions (DriverOptions.java:28) - disable popup blocking
14:32:34.649 INFO  [main] reporters.Loggers (Loggers.java:19) - Navigated to url: {}https://practice.expandtesting.com/
14:34:20.875 INFO  [main] browsers.Chrome (Chrome.java:25) - Start chrome driver
14:34:20.930 INFO  [main] driver.DriverOptions (DriverOptions.java:24) - Start maximized
14:34:20.931 INFO  [main] driver.DriverOptions (DriverOptions.java:28) - disable popup blocking
14:34:27.556 INFO  [main] reporters.Loggers (Loggers.java:19) - Navigated to url: {}https://practice.expandtesting.com/
14:34:27.809 INFO  [main] browsers.Chrome (Chrome.java:25) - Start chrome driver
14:34:27.810 INFO  [main] driver.DriverOptions (DriverOptions.java:24) - Start maximized
14:34:27.810 INFO  [main] driver.DriverOptions (DriverOptions.java:28) - disable popup blocking
14:34:33.959 INFO  [main] reporters.Loggers (Loggers.java:19) - Navigated to url: {}https://practice.expandtesting.com/
14:42:43.215 INFO  [main] browsers.Chrome (Chrome.java:25) - Start chrome driver
14:42:43.261 INFO  [main] driver.DriverOptions (DriverOptions.java:24) - Start maximized
14:42:43.263 INFO  [main] driver.DriverOptions (DriverOptions.java:28) - disable popup blocking
14:43:06.454 INFO  [main] reporters.Loggers (Loggers.java:19) - Navigated to url: {}https://practice.expandtesting.com/
14:43:06.599 INFO  [main] browsers.Chrome (Chrome.java:25) - Start chrome driver
14:43:06.600 INFO  [main] driver.DriverOptions (DriverOptions.java:24) - Start maximized
14:43:06.600 INFO  [main] driver.DriverOptions (DriverOptions.java:28) - disable popup blocking
14:43:18.841 INFO  [main] browsers.Chrome (Chrome.java:25) - Start chrome driver
14:43:18.892 INFO  [main] driver.DriverOptions (DriverOptions.java:24) - Start maximized
14:43:18.893 INFO  [main] driver.DriverOptions (DriverOptions.java:28) - disable popup blocking
14:43:27.715 INFO  [main] reporters.Loggers (Loggers.java:19) - Navigated to url: {}https://practice.expandtesting.com/
14:43:27.939 INFO  [main] browsers.Chrome (Chrome.java:25) - Start chrome driver
14:43:27.940 INFO  [main] driver.DriverOptions (DriverOptions.java:24) - Start maximized
14:43:27.942 INFO  [main] driver.DriverOptions (DriverOptions.java:28) - disable popup blocking
14:43:36.257 INFO  [main] reporters.Loggers (Loggers.java:19) - Navigated to url: {}https://practice.expandtesting.com/
14:44:47.646 INFO  [main] browsers.Chrome (Chrome.java:25) - Start chrome driver
14:44:47.695 INFO  [main] driver.DriverOptions (DriverOptions.java:24) - Start maximized
14:44:47.698 INFO  [main] driver.DriverOptions (DriverOptions.java:28) - disable popup blocking
14:44:54.456 INFO  [main] reporters.Loggers (Loggers.java:19) - Navigated to url: {}https://practice.expandtesting.com/
14:44:54.676 INFO  [main] browsers.Chrome (Chrome.java:25) - Start chrome driver
14:44:54.677 INFO  [main] driver.DriverOptions (DriverOptions.java:24) - Start maximized
14:44:54.677 INFO  [main] driver.DriverOptions (DriverOptions.java:28) - disable popup blocking
14:44:56.137 INFO  [main] reporters.Loggers (Loggers.java:19) - Navigated to url: {}https://practice.expandtesting.com/
14:45:14.695 INFO  [main] browsers.Chrome (Chrome.java:25) - Start chrome driver
14:45:14.747 INFO  [main] driver.DriverOptions (DriverOptions.java:24) - Start maximized
14:45:14.749 INFO  [main] driver.DriverOptions (DriverOptions.java:28) - disable popup blocking
14:45:22.822 INFO  [main] reporters.Loggers (Loggers.java:19) - Navigated to url: {}https://practice.expandtesting.com/
14:45:22.852 INFO  [main] actions.ElementActions (ElementActions.java:178) - Element located at By.xpath: //a[text()='Test Login Page'] exists
14:45:22.852 INFO  [main] actions.Waits (Waits.java:83) - element located at By.xpath: //a[text()='Test Login Page'] exists
14:45:23.165 INFO  [main] reporters.Loggers (Loggers.java:19) - scroll to element located at:By.xpath: //a[text()='Test Login Page']
14:45:58.681 INFO  [main] reporters.Loggers (Loggers.java:19) - click element located at: By.xpath: //a[text()='Test Login Page'] using java script 
14:45:58.925 INFO  [main] browsers.Chrome (Chrome.java:25) - Start chrome driver
14:45:58.925 INFO  [main] driver.DriverOptions (DriverOptions.java:24) - Start maximized
14:45:58.925 INFO  [main] driver.DriverOptions (DriverOptions.java:28) - disable popup blocking
14:46:00.883 INFO  [main] reporters.Loggers (Loggers.java:19) - Navigated to url: {}https://practice.expandtesting.com/
14:47:28.964 INFO  [main] browsers.Chrome (Chrome.java:25) - Start chrome driver
14:47:29.016 INFO  [main] driver.DriverOptions (DriverOptions.java:24) - Start maximized
14:47:29.018 INFO  [main] driver.DriverOptions (DriverOptions.java:28) - disable popup blocking
14:48:10.041 INFO  [main] reporters.Loggers (Loggers.java:19) - Navigated to url: {}https://practice.expandtesting.com/
14:48:10.069 INFO  [main] actions.ElementActions (ElementActions.java:178) - Element located at By.xpath: //a[text()='Test Login Page'] exists
14:48:10.070 INFO  [main] actions.Waits (Waits.java:83) - element located at By.xpath: //a[text()='Test Login Page'] exists
14:48:10.368 INFO  [main] reporters.Loggers (Loggers.java:19) - scroll to element located at:By.xpath: //a[text()='Test Login Page']
14:48:12.561 INFO  [main] reporters.Loggers (Loggers.java:19) - click element located at: By.xpath: //a[text()='Test Login Page'] using java script 
14:48:12.796 INFO  [main] browsers.Chrome (Chrome.java:25) - Start chrome driver
14:48:12.796 INFO  [main] driver.DriverOptions (DriverOptions.java:24) - Start maximized
14:48:12.798 INFO  [main] driver.DriverOptions (DriverOptions.java:28) - disable popup blocking
14:48:14.222 INFO  [main] reporters.Loggers (Loggers.java:19) - Navigated to url: {}https://practice.expandtesting.com/
14:48:56.408 INFO  [main] browsers.Chrome (Chrome.java:25) - Start chrome driver
14:48:56.454 INFO  [main] driver.DriverOptions (DriverOptions.java:24) - Start maximized
14:48:56.456 INFO  [main] driver.DriverOptions (DriverOptions.java:28) - disable popup blocking
14:49:05.102 INFO  [main] reporters.Loggers (Loggers.java:19) - Navigated to url: {}https://practice.expandtesting.com/
14:49:05.133 INFO  [main] actions.ElementActions (ElementActions.java:178) - Element located at By.xpath: //a[text()='Test Login Page'] exists
14:49:05.133 INFO  [main] actions.Waits (Waits.java:83) - element located at By.xpath: //a[text()='Test Login Page'] exists
14:49:05.450 INFO  [main] reporters.Loggers (Loggers.java:19) - scroll to element located at:By.xpath: //a[text()='Test Login Page']
14:49:41.033 INFO  [main] reporters.Loggers (Loggers.java:19) - click element located at: By.xpath: //a[text()='Test Login Page'] using java script 
14:49:41.084 INFO  [main] actions.ElementActions (ElementActions.java:205) - Element located at: By.id: username is clickable
14:49:41.085 INFO  [main] actions.Waits (Waits.java:72) - element located at By.id: username is clickable
14:49:41.098 INFO  [main] actions.ElementActions (ElementActions.java:178) - Element located at By.id: username exists
14:49:41.099 INFO  [main] actions.Waits (Waits.java:83) - element located at By.id: username exists
14:49:41.425 INFO  [main] reporters.Loggers (Loggers.java:19) - scroll to element located at:By.id: username
14:49:41.435 INFO  [main] actions.ElementActions (ElementActions.java:178) - Element located at By.id: username exists
14:49:41.436 INFO  [main] actions.Waits (Waits.java:83) - element located at By.id: username exists
14:49:41.718 INFO  [main] reporters.Loggers (Loggers.java:19) - scroll to element located at:By.id: username
14:49:41.753 INFO  [main] actions.ElementActions (ElementActions.java:205) - Element located at: By.id: username is clickable
14:49:41.754 INFO  [main] actions.Waits (Waits.java:72) - element located at By.id: username is clickable
14:49:41.819 INFO  [main] reporters.Loggers (Loggers.java:19) - type user1 in element located at:By.id: username
14:49:41.832 INFO  [main] actions.ElementActions (ElementActions.java:178) - Element located at By.id: password exists
14:49:41.832 INFO  [main] actions.Waits (Waits.java:83) - element located at By.id: password exists
14:49:42.120 INFO  [main] reporters.Loggers (Loggers.java:19) - scroll to element located at:By.id: password
14:49:42.129 INFO  [main] actions.ElementActions (ElementActions.java:178) - Element located at By.id: password exists
14:49:42.129 INFO  [main] actions.Waits (Waits.java:83) - element located at By.id: password exists
14:49:42.414 INFO  [main] reporters.Loggers (Loggers.java:19) - scroll to element located at:By.id: password
14:49:42.451 INFO  [main] actions.ElementActions (ElementActions.java:205) - Element located at: By.id: password is clickable
14:49:42.452 INFO  [main] actions.Waits (Waits.java:72) - element located at By.id: password is clickable
14:49:42.523 INFO  [main] reporters.Loggers (Loggers.java:19) - type pass1 in element located at:By.id: password
14:49:42.563 INFO  [main] actions.ElementActions (ElementActions.java:178) - Element located at By.xpath: //button[text()='Login'] exists
14:49:42.564 INFO  [main] actions.Waits (Waits.java:83) - element located at By.xpath: //button[text()='Login'] exists
14:49:42.872 INFO  [main] reporters.Loggers (Loggers.java:19) - scroll to element located at:By.xpath: //button[text()='Login']
14:49:45.758 INFO  [main] reporters.Loggers (Loggers.java:19) - click element located at: By.xpath: //button[text()='Login'] using java script 
14:49:45.802 INFO  [main] actions.ElementActions (ElementActions.java:191) - Element located at: By.xpath: //b[contains(text(),'invalid!')] is visible
14:49:45.803 INFO  [main] actions.Waits (Waits.java:51) - element located at By.xpath: //b[contains(text(),'invalid!')] is visible
14:49:45.824 INFO  [main] actions.ElementActions (ElementActions.java:191) - Element located at: By.xpath: //b[contains(text(),'invalid!')] is visible
14:49:46.069 INFO  [main] browsers.Chrome (Chrome.java:25) - Start chrome driver
14:49:46.069 INFO  [main] driver.DriverOptions (DriverOptions.java:24) - Start maximized
14:49:46.070 INFO  [main] driver.DriverOptions (DriverOptions.java:28) - disable popup blocking
14:49:52.370 INFO  [main] reporters.Loggers (Loggers.java:19) - Navigated to url: {}https://practice.expandtesting.com/
14:49:52.387 INFO  [main] actions.ElementActions (ElementActions.java:178) - Element located at By.xpath: //a[text()='Test Login Page'] exists
14:49:52.387 INFO  [main] actions.Waits (Waits.java:83) - element located at By.xpath: //a[text()='Test Login Page'] exists
14:49:52.826 INFO  [main] reporters.Loggers (Loggers.java:19) - scroll to element located at:By.xpath: //a[text()='Test Login Page']
14:50:29.030 INFO  [main] reporters.Loggers (Loggers.java:19) - click element located at: By.xpath: //a[text()='Test Login Page'] using java script 
14:50:29.075 INFO  [main] actions.ElementActions (ElementActions.java:205) - Element located at: By.id: username is clickable
14:50:29.076 INFO  [main] actions.Waits (Waits.java:72) - element located at By.id: username is clickable
14:50:29.088 INFO  [main] actions.ElementActions (ElementActions.java:178) - Element located at By.id: username exists
14:50:29.088 INFO  [main] actions.Waits (Waits.java:83) - element located at By.id: username exists
14:50:29.371 INFO  [main] reporters.Loggers (Loggers.java:19) - scroll to element located at:By.id: username
14:50:29.380 INFO  [main] actions.ElementActions (ElementActions.java:178) - Element located at By.id: username exists
14:50:29.381 INFO  [main] actions.Waits (Waits.java:83) - element located at By.id: username exists
14:50:29.653 INFO  [main] reporters.Loggers (Loggers.java:19) - scroll to element located at:By.id: username
14:50:29.683 INFO  [main] actions.ElementActions (ElementActions.java:205) - Element located at: By.id: username is clickable
14:50:29.684 INFO  [main] actions.Waits (Waits.java:72) - element located at By.id: username is clickable
14:50:29.747 INFO  [main] reporters.Loggers (Loggers.java:19) - type user2 in element located at:By.id: username
14:50:29.759 INFO  [main] actions.ElementActions (ElementActions.java:178) - Element located at By.id: password exists
14:50:29.759 INFO  [main] actions.Waits (Waits.java:83) - element located at By.id: password exists
14:50:30.057 INFO  [main] reporters.Loggers (Loggers.java:19) - scroll to element located at:By.id: password
14:50:30.070 INFO  [main] actions.ElementActions (ElementActions.java:178) - Element located at By.id: password exists
14:50:30.072 INFO  [main] actions.Waits (Waits.java:83) - element located at By.id: password exists
14:50:30.354 INFO  [main] reporters.Loggers (Loggers.java:19) - scroll to element located at:By.id: password
14:50:30.410 INFO  [main] actions.ElementActions (ElementActions.java:205) - Element located at: By.id: password is clickable
14:50:30.410 INFO  [main] actions.Waits (Waits.java:72) - element located at By.id: password is clickable
14:50:30.470 INFO  [main] reporters.Loggers (Loggers.java:19) - type pass2 in element located at:By.id: password
14:50:30.484 INFO  [main] actions.ElementActions (ElementActions.java:178) - Element located at By.xpath: //button[text()='Login'] exists
14:50:30.484 INFO  [main] actions.Waits (Waits.java:83) - element located at By.xpath: //button[text()='Login'] exists
14:50:30.773 INFO  [main] reporters.Loggers (Loggers.java:19) - scroll to element located at:By.xpath: //button[text()='Login']
14:50:38.858 INFO  [main] reporters.Loggers (Loggers.java:19) - click element located at: By.xpath: //button[text()='Login'] using java script 
14:50:38.879 INFO  [main] actions.ElementActions (ElementActions.java:191) - Element located at: By.xpath: //b[contains(text(),'invalid!')] is visible
14:50:38.880 INFO  [main] actions.Waits (Waits.java:51) - element located at By.xpath: //b[contains(text(),'invalid!')] is visible
14:50:38.896 INFO  [main] actions.ElementActions (ElementActions.java:191) - Element located at: By.xpath: //b[contains(text(),'invalid!')] is visible
